<?xml version="1.0" encoding="UTF-8"?>
<testsuite xmlns:xsi="http://www.w3.org/2001/XMLSchema-instance" xsi:noNamespaceSchemaLocation="https://maven.apache.org/surefire/maven-surefire-plugin/xsd/surefire-test-report.xsd" name="backend.hobbiebackend.service.impl.CategoryServiceTest" time="0.001" tests="2" errors="0" skipped="0" failures="0">
  <properties>
    <property name="java.specification.version" value="21"/>
    <property name="sun.jnu.encoding" value="UTF-8"/>
    <property name="java.class.path" value="/home/donat/DevOps/hw1/react-spring-app/spring-backend/target/test-classes:/home/donat/DevOps/hw1/react-spring-app/spring-backend/target/classes:/home/donat/.m2/repository/org/springframework/boot/spring-boot-starter-web/2.4.2/spring-boot-starter-web-2.4.2.jar:/home/donat/.m2/repository/org/springframework/boot/spring-boot-starter/2.4.2/spring-boot-starter-2.4.2.jar:/home/donat/.m2/repository/org/springframework/boot/spring-boot-starter-logging/2.4.2/spring-boot-starter-logging-2.4.2.jar:/home/donat/.m2/repository/ch/qos/logback/logback-classic/1.2.3/logback-classic-1.2.3.jar:/home/donat/.m2/repository/ch/qos/logback/logback-core/1.2.3/logback-core-1.2.3.jar:/home/donat/.m2/repository/org/apache/logging/log4j/log4j-to-slf4j/2.13.3/log4j-to-slf4j-2.13.3.jar:/home/donat/.m2/repository/org/apache/logging/log4j/log4j-api/2.13.3/log4j-api-2.13.3.jar:/home/donat/.m2/repository/org/slf4j/jul-to-slf4j/1.7.30/jul-to-slf4j-1.7.30.jar:/home/donat/.m2/repository/jakarta/annotation/jakarta.annotation-api/1.3.5/jakarta.annotation-api-1.3.5.jar:/home/donat/.m2/repository/org/yaml/snakeyaml/1.27/snakeyaml-1.27.jar:/home/donat/.m2/repository/org/springframework/boot/spring-boot-starter-json/2.4.2/spring-boot-starter-json-2.4.2.jar:/home/donat/.m2/repository/com/fasterxml/jackson/datatype/jackson-datatype-jdk8/2.11.4/jackson-datatype-jdk8-2.11.4.jar:/home/donat/.m2/repository/com/fasterxml/jackson/datatype/jackson-datatype-jsr310/2.11.4/jackson-datatype-jsr310-2.11.4.jar:/home/donat/.m2/repository/com/fasterxml/jackson/module/jackson-module-parameter-names/2.11.4/jackson-module-parameter-names-2.11.4.jar:/home/donat/.m2/repository/org/springframework/boot/spring-boot-starter-tomcat/2.4.2/spring-boot-starter-tomcat-2.4.2.jar:/home/donat/.m2/repository/org/apache/tomcat/embed/tomcat-embed-core/9.0.41/tomcat-embed-core-9.0.41.jar:/home/donat/.m2/repository/org/apache/tomcat/embed/tomcat-embed-websocket/9.0.41/tomcat-embed-websocket-9.0.41.jar:/home/donat/.m2/repository/org/springframework/spring-web/5.3.3/spring-web-5.3.3.jar:/home/donat/.m2/repository/org/springframework/spring-webmvc/5.3.3/spring-webmvc-5.3.3.jar:/home/donat/.m2/repository/org/springframework/spring-expression/5.3.3/spring-expression-5.3.3.jar:/home/donat/.m2/repository/org/springdoc/springdoc-openapi-ui/1.6.4/springdoc-openapi-ui-1.6.4.jar:/home/donat/.m2/repository/org/springdoc/springdoc-openapi-webmvc-core/1.6.4/springdoc-openapi-webmvc-core-1.6.4.jar:/home/donat/.m2/repository/org/springdoc/springdoc-openapi-common/1.6.4/springdoc-openapi-common-1.6.4.jar:/home/donat/.m2/repository/io/swagger/core/v3/swagger-core/2.1.12/swagger-core-2.1.12.jar:/home/donat/.m2/repository/com/fasterxml/jackson/dataformat/jackson-dataformat-yaml/2.11.4/jackson-dataformat-yaml-2.11.4.jar:/home/donat/.m2/repository/io/swagger/core/v3/swagger-annotations/2.1.12/swagger-annotations-2.1.12.jar:/home/donat/.m2/repository/io/swagger/core/v3/swagger-models/2.1.12/swagger-models-2.1.12.jar:/home/donat/.m2/repository/jakarta/validation/jakarta.validation-api/2.0.2/jakarta.validation-api-2.0.2.jar:/home/donat/.m2/repository/org/webjars/webjars-locator-core/0.46/webjars-locator-core-0.46.jar:/home/donat/.m2/repository/com/fasterxml/jackson/core/jackson-core/2.11.4/jackson-core-2.11.4.jar:/home/donat/.m2/repository/io/github/classgraph/classgraph/4.8.138/classgraph-4.8.138.jar:/home/donat/.m2/repository/org/webjars/swagger-ui/4.10.3/swagger-ui-4.10.3.jar:/home/donat/.m2/repository/com/cloudinary/cloudinary-taglib/1.0.14/cloudinary-taglib-1.0.14.jar:/home/donat/.m2/repository/com/cloudinary/cloudinary/1.0.14/cloudinary-1.0.14.jar:/home/donat/.m2/repository/org/apache/commons/commons-lang3/3.11/commons-lang3-3.11.jar:/home/donat/.m2/repository/commons-lang/commons-lang/2.6/commons-lang-2.6.jar:/home/donat/.m2/repository/commons-codec/commons-codec/1.15/commons-codec-1.15.jar:/home/donat/.m2/repository/commons-collections/commons-collections/3.2.1/commons-collections-3.2.1.jar:/home/donat/.m2/repository/commons-logging/commons-logging/1.1.1/commons-logging-1.1.1.jar:/home/donat/.m2/repository/org/apache/httpcomponents/httpclient/4.5.13/httpclient-4.5.13.jar:/home/donat/.m2/repository/org/apache/httpcomponents/httpmime/4.5.13/httpmime-4.5.13.jar:/home/donat/.m2/repository/org/apache/httpcomponents/httpcore/4.4.14/httpcore-4.4.14.jar:/home/donat/.m2/repository/com/googlecode/json-simple/json-simple/1.1.1/json-simple-1.1.1.jar:/home/donat/.m2/repository/junit/junit/4.13.1/junit-4.13.1.jar:/home/donat/.m2/repository/org/hamcrest/hamcrest-core/2.2/hamcrest-core-2.2.jar:/home/donat/.m2/repository/org/springframework/boot/spring-boot-starter-actuator/2.4.2/spring-boot-starter-actuator-2.4.2.jar:/home/donat/.m2/repository/org/springframework/boot/spring-boot-actuator-autoconfigure/2.4.2/spring-boot-actuator-autoconfigure-2.4.2.jar:/home/donat/.m2/repository/org/springframework/boot/spring-boot-actuator/2.4.2/spring-boot-actuator-2.4.2.jar:/home/donat/.m2/repository/io/micrometer/micrometer-core/1.6.3/micrometer-core-1.6.3.jar:/home/donat/.m2/repository/org/hdrhistogram/HdrHistogram/2.1.12/HdrHistogram-2.1.12.jar:/home/donat/.m2/repository/org/latencyutils/LatencyUtils/2.0.3/LatencyUtils-2.0.3.jar:/home/donat/.m2/repository/org/springframework/boot/spring-boot-starter-data-jpa/2.4.2/spring-boot-starter-data-jpa-2.4.2.jar:/home/donat/.m2/repository/org/springframework/boot/spring-boot-starter-aop/2.4.2/spring-boot-starter-aop-2.4.2.jar:/home/donat/.m2/repository/org/aspectj/aspectjweaver/1.9.6/aspectjweaver-1.9.6.jar:/home/donat/.m2/repository/org/springframework/boot/spring-boot-starter-jdbc/2.4.2/spring-boot-starter-jdbc-2.4.2.jar:/home/donat/.m2/repository/com/zaxxer/HikariCP/3.4.5/HikariCP-3.4.5.jar:/home/donat/.m2/repository/org/springframework/spring-jdbc/5.3.3/spring-jdbc-5.3.3.jar:/home/donat/.m2/repository/jakarta/transaction/jakarta.transaction-api/1.3.3/jakarta.transaction-api-1.3.3.jar:/home/donat/.m2/repository/jakarta/persistence/jakarta.persistence-api/2.2.3/jakarta.persistence-api-2.2.3.jar:/home/donat/.m2/repository/org/hibernate/hibernate-core/5.4.27.Final/hibernate-core-5.4.27.Final.jar:/home/donat/.m2/repository/org/javassist/javassist/3.27.0-GA/javassist-3.27.0-GA.jar:/home/donat/.m2/repository/net/bytebuddy/byte-buddy/1.10.19/byte-buddy-1.10.19.jar:/home/donat/.m2/repository/antlr/antlr/2.7.7/antlr-2.7.7.jar:/home/donat/.m2/repository/org/jboss/jandex/2.1.3.Final/jandex-2.1.3.Final.jar:/home/donat/.m2/repository/org/dom4j/dom4j/2.1.3/dom4j-2.1.3.jar:/home/donat/.m2/repository/org/hibernate/common/hibernate-commons-annotations/5.1.2.Final/hibernate-commons-annotations-5.1.2.Final.jar:/home/donat/.m2/repository/org/glassfish/jaxb/jaxb-runtime/2.3.3/jaxb-runtime-2.3.3.jar:/home/donat/.m2/repository/org/glassfish/jaxb/txw2/2.3.3/txw2-2.3.3.jar:/home/donat/.m2/repository/com/sun/istack/istack-commons-runtime/3.0.11/istack-commons-runtime-3.0.11.jar:/home/donat/.m2/repository/org/springframework/data/spring-data-jpa/2.4.3/spring-data-jpa-2.4.3.jar:/home/donat/.m2/repository/org/springframework/data/spring-data-commons/2.4.3/spring-data-commons-2.4.3.jar:/home/donat/.m2/repository/org/springframework/spring-orm/5.3.3/spring-orm-5.3.3.jar:/home/donat/.m2/repository/org/springframework/spring-tx/5.3.3/spring-tx-5.3.3.jar:/home/donat/.m2/repository/org/springframework/spring-aspects/5.3.3/spring-aspects-5.3.3.jar:/home/donat/.m2/repository/org/springframework/boot/spring-boot-devtools/2.4.2/spring-boot-devtools-2.4.2.jar:/home/donat/.m2/repository/org/springframework/boot/spring-boot/2.4.2/spring-boot-2.4.2.jar:/home/donat/.m2/repository/org/springframework/boot/spring-boot-autoconfigure/2.4.2/spring-boot-autoconfigure-2.4.2.jar:/home/donat/.m2/repository/mysql/mysql-connector-java/8.0.22/mysql-connector-java-8.0.22.jar:/home/donat/.m2/repository/org/springframework/boot/spring-boot-starter-test/2.4.2/spring-boot-starter-test-2.4.2.jar:/home/donat/.m2/repository/org/springframework/boot/spring-boot-test/2.4.2/spring-boot-test-2.4.2.jar:/home/donat/.m2/repository/org/springframework/boot/spring-boot-test-autoconfigure/2.4.2/spring-boot-test-autoconfigure-2.4.2.jar:/home/donat/.m2/repository/com/jayway/jsonpath/json-path/2.4.0/json-path-2.4.0.jar:/home/donat/.m2/repository/net/minidev/json-smart/2.3/json-smart-2.3.jar:/home/donat/.m2/repository/net/minidev/accessors-smart/1.2/accessors-smart-1.2.jar:/home/donat/.m2/repository/org/ow2/asm/asm/5.0.4/asm-5.0.4.jar:/home/donat/.m2/repository/jakarta/xml/bind/jakarta.xml.bind-api/2.3.3/jakarta.xml.bind-api-2.3.3.jar:/home/donat/.m2/repository/jakarta/activation/jakarta.activation-api/1.2.2/jakarta.activation-api-1.2.2.jar:/home/donat/.m2/repository/org/assertj/assertj-core/3.18.1/assertj-core-3.18.1.jar:/home/donat/.m2/repository/org/hamcrest/hamcrest/2.2/hamcrest-2.2.jar:/home/donat/.m2/repository/org/junit/jupiter/junit-jupiter/5.7.0/junit-jupiter-5.7.0.jar:/home/donat/.m2/repository/org/junit/jupiter/junit-jupiter-api/5.7.0/junit-jupiter-api-5.7.0.jar:/home/donat/.m2/repository/org/apiguardian/apiguardian-api/1.1.0/apiguardian-api-1.1.0.jar:/home/donat/.m2/repository/org/opentest4j/opentest4j/1.2.0/opentest4j-1.2.0.jar:/home/donat/.m2/repository/org/junit/platform/junit-platform-commons/1.7.0/junit-platform-commons-1.7.0.jar:/home/donat/.m2/repository/org/junit/jupiter/junit-jupiter-params/5.7.0/junit-jupiter-params-5.7.0.jar:/home/donat/.m2/repository/org/junit/jupiter/junit-jupiter-engine/5.7.0/junit-jupiter-engine-5.7.0.jar:/home/donat/.m2/repository/org/junit/platform/junit-platform-engine/1.7.0/junit-platform-engine-1.7.0.jar:/home/donat/.m2/repository/org/mockito/mockito-core/3.6.28/mockito-core-3.6.28.jar:/home/donat/.m2/repository/net/bytebuddy/byte-buddy-agent/1.10.19/byte-buddy-agent-1.10.19.jar:/home/donat/.m2/repository/org/objenesis/objenesis/3.1/objenesis-3.1.jar:/home/donat/.m2/repository/org/mockito/mockito-junit-jupiter/3.6.28/mockito-junit-jupiter-3.6.28.jar:/home/donat/.m2/repository/org/skyscreamer/jsonassert/1.5.0/jsonassert-1.5.0.jar:/home/donat/.m2/repository/com/vaadin/external/google/android-json/0.0.20131108.vaadin1/android-json-0.0.20131108.vaadin1.jar:/home/donat/.m2/repository/org/springframework/spring-core/5.3.3/spring-core-5.3.3.jar:/home/donat/.m2/repository/org/springframework/spring-jcl/5.3.3/spring-jcl-5.3.3.jar:/home/donat/.m2/repository/org/springframework/spring-test/5.3.3/spring-test-5.3.3.jar:/home/donat/.m2/repository/org/xmlunit/xmlunit-core/2.7.0/xmlunit-core-2.7.0.jar:/home/donat/.m2/repository/org/springframework/security/spring-security-crypto/5.4.2/spring-security-crypto-5.4.2.jar:/home/donat/.m2/repository/org/modelmapper/modelmapper/2.3.0/modelmapper-2.3.0.jar:/home/donat/.m2/repository/javax/validation/validation-api/2.0.1.Final/validation-api-2.0.1.Final.jar:/home/donat/.m2/repository/org/springframework/boot/spring-boot-starter-validation/2.4.2/spring-boot-starter-validation-2.4.2.jar:/home/donat/.m2/repository/org/glassfish/jakarta.el/3.0.3/jakarta.el-3.0.3.jar:/home/donat/.m2/repository/org/hibernate/validator/hibernate-validator/6.0.2.Final/hibernate-validator-6.0.2.Final.jar:/home/donat/.m2/repository/org/jboss/logging/jboss-logging/3.4.1.Final/jboss-logging-3.4.1.Final.jar:/home/donat/.m2/repository/com/fasterxml/classmate/1.5.1/classmate-1.5.1.jar:/home/donat/.m2/repository/org/projectlombok/lombok/1.18.30/lombok-1.18.30.jar:/home/donat/.m2/repository/javax/xml/bind/jaxb-api/2.3.1/jaxb-api-2.3.1.jar:/home/donat/.m2/repository/javax/activation/javax.activation-api/1.2.0/javax.activation-api-1.2.0.jar:/home/donat/.m2/repository/io/jsonwebtoken/jjwt/0.9.1/jjwt-0.9.1.jar:/home/donat/.m2/repository/com/fasterxml/jackson/core/jackson-databind/2.11.4/jackson-databind-2.11.4.jar:/home/donat/.m2/repository/com/fasterxml/jackson/core/jackson-annotations/2.11.4/jackson-annotations-2.11.4.jar:/home/donat/.m2/repository/org/hibernate/validator/hibernate-validator-annotation-processor/6.0.2.Final/hibernate-validator-annotation-processor-6.0.2.Final.jar:/home/donat/.m2/repository/org/springframework/boot/spring-boot-starter-security/2.4.2/spring-boot-starter-security-2.4.2.jar:/home/donat/.m2/repository/org/springframework/spring-aop/5.3.3/spring-aop-5.3.3.jar:/home/donat/.m2/repository/org/springframework/security/spring-security-config/5.4.2/spring-security-config-5.4.2.jar:/home/donat/.m2/repository/org/springframework/security/spring-security-web/5.4.2/spring-security-web-5.4.2.jar:/home/donat/.m2/repository/org/springframework/plugin/spring-plugin-core/2.0.0.RELEASE/spring-plugin-core-2.0.0.RELEASE.jar:/home/donat/.m2/repository/org/springframework/spring-beans/5.3.3/spring-beans-5.3.3.jar:/home/donat/.m2/repository/org/springframework/spring-context/5.3.3/spring-context-5.3.3.jar:/home/donat/.m2/repository/org/slf4j/slf4j-api/1.7.30/slf4j-api-1.7.30.jar:/home/donat/.m2/repository/org/webjars/jquery/2.2.4/jquery-2.2.4.jar:/home/donat/.m2/repository/org/webjars/bootstrap/3.3.7/bootstrap-3.3.7.jar:/home/donat/.m2/repository/org/springframework/boot/spring-boot-configuration-processor/2.4.2/spring-boot-configuration-processor-2.4.2.jar:/home/donat/.m2/repository/org/springframework/security/spring-security-test/5.1.1.RELEASE/spring-security-test-5.1.1.RELEASE.jar:/home/donat/.m2/repository/org/springframework/security/spring-security-core/5.4.2/spring-security-core-5.4.2.jar:/home/donat/.m2/repository/org/springframework/boot/spring-boot-starter-mail/2.3.9.RELEASE/spring-boot-starter-mail-2.3.9.RELEASE.jar:/home/donat/.m2/repository/org/springframework/spring-context-support/5.3.3/spring-context-support-5.3.3.jar:/home/donat/.m2/repository/com/sun/mail/jakarta.mail/1.6.5/jakarta.mail-1.6.5.jar:/home/donat/.m2/repository/com/sun/activation/jakarta.activation/1.2.2/jakarta.activation-1.2.2.jar:"/>
    <property name="java.vm.vendor" value="Ubuntu"/>
    <property name="sun.arch.data.model" value="64"/>
    <property name="java.vendor.url" value="https://ubuntu.com/"/>
    <property name="os.name" value="Linux"/>
    <property name="java.vm.specification.version" value="21"/>
    <property name="sun.java.launcher" value="SUN_STANDARD"/>
    <property name="user.country" value="US"/>
    <property name="sun.boot.library.path" value="/usr/lib/jvm/java-21-openjdk-amd64/lib"/>
    <property name="sun.java.command" value="/home/donat/DevOps/hw1/react-spring-app/spring-backend/target/surefire/surefirebooter2001615766975690347.jar /home/donat/DevOps/hw1/react-spring-app/spring-backend/target/surefire 2025-04-26T16-06-10_775-jvmRun1 surefire15169798828091135902tmp surefire_09398837639140447942tmp"/>
    <property name="jdk.debug" value="release"/>
    <property name="surefire.test.class.path" value="/home/donat/DevOps/hw1/react-spring-app/spring-backend/target/test-classes:/home/donat/DevOps/hw1/react-spring-app/spring-backend/target/classes:/home/donat/.m2/repository/org/springframework/boot/spring-boot-starter-web/2.4.2/spring-boot-starter-web-2.4.2.jar:/home/donat/.m2/repository/org/springframework/boot/spring-boot-starter/2.4.2/spring-boot-starter-2.4.2.jar:/home/donat/.m2/repository/org/springframework/boot/spring-boot-starter-logging/2.4.2/spring-boot-starter-logging-2.4.2.jar:/home/donat/.m2/repository/ch/qos/logback/logback-classic/1.2.3/logback-classic-1.2.3.jar:/home/donat/.m2/repository/ch/qos/logback/logback-core/1.2.3/logback-core-1.2.3.jar:/home/donat/.m2/repository/org/apache/logging/log4j/log4j-to-slf4j/2.13.3/log4j-to-slf4j-2.13.3.jar:/home/donat/.m2/repository/org/apache/logging/log4j/log4j-api/2.13.3/log4j-api-2.13.3.jar:/home/donat/.m2/repository/org/slf4j/jul-to-slf4j/1.7.30/jul-to-slf4j-1.7.30.jar:/home/donat/.m2/repository/jakarta/annotation/jakarta.annotation-api/1.3.5/jakarta.annotation-api-1.3.5.jar:/home/donat/.m2/repository/org/yaml/snakeyaml/1.27/snakeyaml-1.27.jar:/home/donat/.m2/repository/org/springframework/boot/spring-boot-starter-json/2.4.2/spring-boot-starter-json-2.4.2.jar:/home/donat/.m2/repository/com/fasterxml/jackson/datatype/jackson-datatype-jdk8/2.11.4/jackson-datatype-jdk8-2.11.4.jar:/home/donat/.m2/repository/com/fasterxml/jackson/datatype/jackson-datatype-jsr310/2.11.4/jackson-datatype-jsr310-2.11.4.jar:/home/donat/.m2/repository/com/fasterxml/jackson/module/jackson-module-parameter-names/2.11.4/jackson-module-parameter-names-2.11.4.jar:/home/donat/.m2/repository/org/springframework/boot/spring-boot-starter-tomcat/2.4.2/spring-boot-starter-tomcat-2.4.2.jar:/home/donat/.m2/repository/org/apache/tomcat/embed/tomcat-embed-core/9.0.41/tomcat-embed-core-9.0.41.jar:/home/donat/.m2/repository/org/apache/tomcat/embed/tomcat-embed-websocket/9.0.41/tomcat-embed-websocket-9.0.41.jar:/home/donat/.m2/repository/org/springframework/spring-web/5.3.3/spring-web-5.3.3.jar:/home/donat/.m2/repository/org/springframework/spring-webmvc/5.3.3/spring-webmvc-5.3.3.jar:/home/donat/.m2/repository/org/springframework/spring-expression/5.3.3/spring-expression-5.3.3.jar:/home/donat/.m2/repository/org/springdoc/springdoc-openapi-ui/1.6.4/springdoc-openapi-ui-1.6.4.jar:/home/donat/.m2/repository/org/springdoc/springdoc-openapi-webmvc-core/1.6.4/springdoc-openapi-webmvc-core-1.6.4.jar:/home/donat/.m2/repository/org/springdoc/springdoc-openapi-common/1.6.4/springdoc-openapi-common-1.6.4.jar:/home/donat/.m2/repository/io/swagger/core/v3/swagger-core/2.1.12/swagger-core-2.1.12.jar:/home/donat/.m2/repository/com/fasterxml/jackson/dataformat/jackson-dataformat-yaml/2.11.4/jackson-dataformat-yaml-2.11.4.jar:/home/donat/.m2/repository/io/swagger/core/v3/swagger-annotations/2.1.12/swagger-annotations-2.1.12.jar:/home/donat/.m2/repository/io/swagger/core/v3/swagger-models/2.1.12/swagger-models-2.1.12.jar:/home/donat/.m2/repository/jakarta/validation/jakarta.validation-api/2.0.2/jakarta.validation-api-2.0.2.jar:/home/donat/.m2/repository/org/webjars/webjars-locator-core/0.46/webjars-locator-core-0.46.jar:/home/donat/.m2/repository/com/fasterxml/jackson/core/jackson-core/2.11.4/jackson-core-2.11.4.jar:/home/donat/.m2/repository/io/github/classgraph/classgraph/4.8.138/classgraph-4.8.138.jar:/home/donat/.m2/repository/org/webjars/swagger-ui/4.10.3/swagger-ui-4.10.3.jar:/home/donat/.m2/repository/com/cloudinary/cloudinary-taglib/1.0.14/cloudinary-taglib-1.0.14.jar:/home/donat/.m2/repository/com/cloudinary/cloudinary/1.0.14/cloudinary-1.0.14.jar:/home/donat/.m2/repository/org/apache/commons/commons-lang3/3.11/commons-lang3-3.11.jar:/home/donat/.m2/repository/commons-lang/commons-lang/2.6/commons-lang-2.6.jar:/home/donat/.m2/repository/commons-codec/commons-codec/1.15/commons-codec-1.15.jar:/home/donat/.m2/repository/commons-collections/commons-collections/3.2.1/commons-collections-3.2.1.jar:/home/donat/.m2/repository/commons-logging/commons-logging/1.1.1/commons-logging-1.1.1.jar:/home/donat/.m2/repository/org/apache/httpcomponents/httpclient/4.5.13/httpclient-4.5.13.jar:/home/donat/.m2/repository/org/apache/httpcomponents/httpmime/4.5.13/httpmime-4.5.13.jar:/home/donat/.m2/repository/org/apache/httpcomponents/httpcore/4.4.14/httpcore-4.4.14.jar:/home/donat/.m2/repository/com/googlecode/json-simple/json-simple/1.1.1/json-simple-1.1.1.jar:/home/donat/.m2/repository/junit/junit/4.13.1/junit-4.13.1.jar:/home/donat/.m2/repository/org/hamcrest/hamcrest-core/2.2/hamcrest-core-2.2.jar:/home/donat/.m2/repository/org/springframework/boot/spring-boot-starter-actuator/2.4.2/spring-boot-starter-actuator-2.4.2.jar:/home/donat/.m2/repository/org/springframework/boot/spring-boot-actuator-autoconfigure/2.4.2/spring-boot-actuator-autoconfigure-2.4.2.jar:/home/donat/.m2/repository/org/springframework/boot/spring-boot-actuator/2.4.2/spring-boot-actuator-2.4.2.jar:/home/donat/.m2/repository/io/micrometer/micrometer-core/1.6.3/micrometer-core-1.6.3.jar:/home/donat/.m2/repository/org/hdrhistogram/HdrHistogram/2.1.12/HdrHistogram-2.1.12.jar:/home/donat/.m2/repository/org/latencyutils/LatencyUtils/2.0.3/LatencyUtils-2.0.3.jar:/home/donat/.m2/repository/org/springframework/boot/spring-boot-starter-data-jpa/2.4.2/spring-boot-starter-data-jpa-2.4.2.jar:/home/donat/.m2/repository/org/springframework/boot/spring-boot-starter-aop/2.4.2/spring-boot-starter-aop-2.4.2.jar:/home/donat/.m2/repository/org/aspectj/aspectjweaver/1.9.6/aspectjweaver-1.9.6.jar:/home/donat/.m2/repository/org/springframework/boot/spring-boot-starter-jdbc/2.4.2/spring-boot-starter-jdbc-2.4.2.jar:/home/donat/.m2/repository/com/zaxxer/HikariCP/3.4.5/HikariCP-3.4.5.jar:/home/donat/.m2/repository/org/springframework/spring-jdbc/5.3.3/spring-jdbc-5.3.3.jar:/home/donat/.m2/repository/jakarta/transaction/jakarta.transaction-api/1.3.3/jakarta.transaction-api-1.3.3.jar:/home/donat/.m2/repository/jakarta/persistence/jakarta.persistence-api/2.2.3/jakarta.persistence-api-2.2.3.jar:/home/donat/.m2/repository/org/hibernate/hibernate-core/5.4.27.Final/hibernate-core-5.4.27.Final.jar:/home/donat/.m2/repository/org/javassist/javassist/3.27.0-GA/javassist-3.27.0-GA.jar:/home/donat/.m2/repository/net/bytebuddy/byte-buddy/1.10.19/byte-buddy-1.10.19.jar:/home/donat/.m2/repository/antlr/antlr/2.7.7/antlr-2.7.7.jar:/home/donat/.m2/repository/org/jboss/jandex/2.1.3.Final/jandex-2.1.3.Final.jar:/home/donat/.m2/repository/org/dom4j/dom4j/2.1.3/dom4j-2.1.3.jar:/home/donat/.m2/repository/org/hibernate/common/hibernate-commons-annotations/5.1.2.Final/hibernate-commons-annotations-5.1.2.Final.jar:/home/donat/.m2/repository/org/glassfish/jaxb/jaxb-runtime/2.3.3/jaxb-runtime-2.3.3.jar:/home/donat/.m2/repository/org/glassfish/jaxb/txw2/2.3.3/txw2-2.3.3.jar:/home/donat/.m2/repository/com/sun/istack/istack-commons-runtime/3.0.11/istack-commons-runtime-3.0.11.jar:/home/donat/.m2/repository/org/springframework/data/spring-data-jpa/2.4.3/spring-data-jpa-2.4.3.jar:/home/donat/.m2/repository/org/springframework/data/spring-data-commons/2.4.3/spring-data-commons-2.4.3.jar:/home/donat/.m2/repository/org/springframework/spring-orm/5.3.3/spring-orm-5.3.3.jar:/home/donat/.m2/repository/org/springframework/spring-tx/5.3.3/spring-tx-5.3.3.jar:/home/donat/.m2/repository/org/springframework/spring-aspects/5.3.3/spring-aspects-5.3.3.jar:/home/donat/.m2/repository/org/springframework/boot/spring-boot-devtools/2.4.2/spring-boot-devtools-2.4.2.jar:/home/donat/.m2/repository/org/springframework/boot/spring-boot/2.4.2/spring-boot-2.4.2.jar:/home/donat/.m2/repository/org/springframework/boot/spring-boot-autoconfigure/2.4.2/spring-boot-autoconfigure-2.4.2.jar:/home/donat/.m2/repository/mysql/mysql-connector-java/8.0.22/mysql-connector-java-8.0.22.jar:/home/donat/.m2/repository/org/springframework/boot/spring-boot-starter-test/2.4.2/spring-boot-starter-test-2.4.2.jar:/home/donat/.m2/repository/org/springframework/boot/spring-boot-test/2.4.2/spring-boot-test-2.4.2.jar:/home/donat/.m2/repository/org/springframework/boot/spring-boot-test-autoconfigure/2.4.2/spring-boot-test-autoconfigure-2.4.2.jar:/home/donat/.m2/repository/com/jayway/jsonpath/json-path/2.4.0/json-path-2.4.0.jar:/home/donat/.m2/repository/net/minidev/json-smart/2.3/json-smart-2.3.jar:/home/donat/.m2/repository/net/minidev/accessors-smart/1.2/accessors-smart-1.2.jar:/home/donat/.m2/repository/org/ow2/asm/asm/5.0.4/asm-5.0.4.jar:/home/donat/.m2/repository/jakarta/xml/bind/jakarta.xml.bind-api/2.3.3/jakarta.xml.bind-api-2.3.3.jar:/home/donat/.m2/repository/jakarta/activation/jakarta.activation-api/1.2.2/jakarta.activation-api-1.2.2.jar:/home/donat/.m2/repository/org/assertj/assertj-core/3.18.1/assertj-core-3.18.1.jar:/home/donat/.m2/repository/org/hamcrest/hamcrest/2.2/hamcrest-2.2.jar:/home/donat/.m2/repository/org/junit/jupiter/junit-jupiter/5.7.0/junit-jupiter-5.7.0.jar:/home/donat/.m2/repository/org/junit/jupiter/junit-jupiter-api/5.7.0/junit-jupiter-api-5.7.0.jar:/home/donat/.m2/repository/org/apiguardian/apiguardian-api/1.1.0/apiguardian-api-1.1.0.jar:/home/donat/.m2/repository/org/opentest4j/opentest4j/1.2.0/opentest4j-1.2.0.jar:/home/donat/.m2/repository/org/junit/platform/junit-platform-commons/1.7.0/junit-platform-commons-1.7.0.jar:/home/donat/.m2/repository/org/junit/jupiter/junit-jupiter-params/5.7.0/junit-jupiter-params-5.7.0.jar:/home/donat/.m2/repository/org/junit/jupiter/junit-jupiter-engine/5.7.0/junit-jupiter-engine-5.7.0.jar:/home/donat/.m2/repository/org/junit/platform/junit-platform-engine/1.7.0/junit-platform-engine-1.7.0.jar:/home/donat/.m2/repository/org/mockito/mockito-core/3.6.28/mockito-core-3.6.28.jar:/home/donat/.m2/repository/net/bytebuddy/byte-buddy-agent/1.10.19/byte-buddy-agent-1.10.19.jar:/home/donat/.m2/repository/org/objenesis/objenesis/3.1/objenesis-3.1.jar:/home/donat/.m2/repository/org/mockito/mockito-junit-jupiter/3.6.28/mockito-junit-jupiter-3.6.28.jar:/home/donat/.m2/repository/org/skyscreamer/jsonassert/1.5.0/jsonassert-1.5.0.jar:/home/donat/.m2/repository/com/vaadin/external/google/android-json/0.0.20131108.vaadin1/android-json-0.0.20131108.vaadin1.jar:/home/donat/.m2/repository/org/springframework/spring-core/5.3.3/spring-core-5.3.3.jar:/home/donat/.m2/repository/org/springframework/spring-jcl/5.3.3/spring-jcl-5.3.3.jar:/home/donat/.m2/repository/org/springframework/spring-test/5.3.3/spring-test-5.3.3.jar:/home/donat/.m2/repository/org/xmlunit/xmlunit-core/2.7.0/xmlunit-core-2.7.0.jar:/home/donat/.m2/repository/org/springframework/security/spring-security-crypto/5.4.2/spring-security-crypto-5.4.2.jar:/home/donat/.m2/repository/org/modelmapper/modelmapper/2.3.0/modelmapper-2.3.0.jar:/home/donat/.m2/repository/javax/validation/validation-api/2.0.1.Final/validation-api-2.0.1.Final.jar:/home/donat/.m2/repository/org/springframework/boot/spring-boot-starter-validation/2.4.2/spring-boot-starter-validation-2.4.2.jar:/home/donat/.m2/repository/org/glassfish/jakarta.el/3.0.3/jakarta.el-3.0.3.jar:/home/donat/.m2/repository/org/hibernate/validator/hibernate-validator/6.0.2.Final/hibernate-validator-6.0.2.Final.jar:/home/donat/.m2/repository/org/jboss/logging/jboss-logging/3.4.1.Final/jboss-logging-3.4.1.Final.jar:/home/donat/.m2/repository/com/fasterxml/classmate/1.5.1/classmate-1.5.1.jar:/home/donat/.m2/repository/org/projectlombok/lombok/1.18.30/lombok-1.18.30.jar:/home/donat/.m2/repository/javax/xml/bind/jaxb-api/2.3.1/jaxb-api-2.3.1.jar:/home/donat/.m2/repository/javax/activation/javax.activation-api/1.2.0/javax.activation-api-1.2.0.jar:/home/donat/.m2/repository/io/jsonwebtoken/jjwt/0.9.1/jjwt-0.9.1.jar:/home/donat/.m2/repository/com/fasterxml/jackson/core/jackson-databind/2.11.4/jackson-databind-2.11.4.jar:/home/donat/.m2/repository/com/fasterxml/jackson/core/jackson-annotations/2.11.4/jackson-annotations-2.11.4.jar:/home/donat/.m2/repository/org/hibernate/validator/hibernate-validator-annotation-processor/6.0.2.Final/hibernate-validator-annotation-processor-6.0.2.Final.jar:/home/donat/.m2/repository/org/springframework/boot/spring-boot-starter-security/2.4.2/spring-boot-starter-security-2.4.2.jar:/home/donat/.m2/repository/org/springframework/spring-aop/5.3.3/spring-aop-5.3.3.jar:/home/donat/.m2/repository/org/springframework/security/spring-security-config/5.4.2/spring-security-config-5.4.2.jar:/home/donat/.m2/repository/org/springframework/security/spring-security-web/5.4.2/spring-security-web-5.4.2.jar:/home/donat/.m2/repository/org/springframework/plugin/spring-plugin-core/2.0.0.RELEASE/spring-plugin-core-2.0.0.RELEASE.jar:/home/donat/.m2/repository/org/springframework/spring-beans/5.3.3/spring-beans-5.3.3.jar:/home/donat/.m2/repository/org/springframework/spring-context/5.3.3/spring-context-5.3.3.jar:/home/donat/.m2/repository/org/slf4j/slf4j-api/1.7.30/slf4j-api-1.7.30.jar:/home/donat/.m2/repository/org/webjars/jquery/2.2.4/jquery-2.2.4.jar:/home/donat/.m2/repository/org/webjars/bootstrap/3.3.7/bootstrap-3.3.7.jar:/home/donat/.m2/repository/org/springframework/boot/spring-boot-configuration-processor/2.4.2/spring-boot-configuration-processor-2.4.2.jar:/home/donat/.m2/repository/org/springframework/security/spring-security-test/5.1.1.RELEASE/spring-security-test-5.1.1.RELEASE.jar:/home/donat/.m2/repository/org/springframework/security/spring-security-core/5.4.2/spring-security-core-5.4.2.jar:/home/donat/.m2/repository/org/springframework/boot/spring-boot-starter-mail/2.3.9.RELEASE/spring-boot-starter-mail-2.3.9.RELEASE.jar:/home/donat/.m2/repository/org/springframework/spring-context-support/5.3.3/spring-context-support-5.3.3.jar:/home/donat/.m2/repository/com/sun/mail/jakarta.mail/1.6.5/jakarta.mail-1.6.5.jar:/home/donat/.m2/repository/com/sun/activation/jakarta.activation/1.2.2/jakarta.activation-1.2.2.jar:"/>
    <property name="sun.cpu.endian" value="little"/>
    <property name="user.home" value="/home/donat"/>
    <property name="user.language" value="en"/>
    <property name="java.specification.vendor" value="Oracle Corporation"/>
    <property name="java.version.date" value="2025-01-21"/>
    <property name="java.home" value="/usr/lib/jvm/java-21-openjdk-amd64"/>
    <property name="file.separator" value="/"/>
    <property name="basedir" value="/home/donat/DevOps/hw1/react-spring-app/spring-backend"/>
    <property name="java.vm.compressedOopsMode" value="Zero based"/>
    <property name="line.separator" value="&#10;"/>
    <property name="java.specification.name" value="Java Platform API Specification"/>
    <property name="java.vm.specification.vendor" value="Oracle Corporation"/>
    <property name="surefire.real.class.path" value="/home/donat/DevOps/hw1/react-spring-app/spring-backend/target/surefire/surefirebooter2001615766975690347.jar"/>
    <property name="sun.management.compiler" value="HotSpot 64-Bit Tiered Compilers"/>
    <property name="java.runtime.version" value="21.0.6+7-Ubuntu-124.04.1"/>
    <property name="user.name" value="donat"/>
    <property name="stdout.encoding" value="UTF-8"/>
    <property name="path.separator" value=":"/>
    <property name="os.version" value="6.8.0-58-generic"/>
    <property name="java.runtime.name" value="OpenJDK Runtime Environment"/>
    <property name="file.encoding" value="UTF-8"/>
    <property name="java.vm.name" value="OpenJDK 64-Bit Server VM"/>
    <property name="localRepository" value="/home/donat/.m2/repository"/>
    <property name="java.vendor.url.bug" value="https://bugs.launchpad.net/ubuntu/+source/openjdk-21"/>
    <property name="java.io.tmpdir" value="/tmp"/>
    <property name="java.version" value="21.0.6"/>
    <property name="user.dir" value="/home/donat/DevOps/hw1/react-spring-app/spring-backend"/>
    <property name="os.arch" value="amd64"/>
    <property name="java.vm.specification.name" value="Java Virtual Machine Specification"/>
    <property name="native.encoding" value="UTF-8"/>
    <property name="java.library.path" value="/usr/java/packages/lib:/usr/lib/x86_64-linux-gnu/jni:/lib/x86_64-linux-gnu:/usr/lib/x86_64-linux-gnu:/usr/lib/jni:/lib:/usr/lib"/>
    <property name="java.vm.info" value="mixed mode, sharing"/>
    <property name="stderr.encoding" value="UTF-8"/>
    <property name="java.vendor" value="Ubuntu"/>
    <property name="java.vm.version" value="21.0.6+7-Ubuntu-124.04.1"/>
    <property name="sun.io.unicode.encoding" value="UnicodeLittle"/>
    <property name="java.class.version" value="65.0"/>
  </properties>
  <testcase name="initCategories_should_Work" classname="backend.hobbiebackend.service.impl.CategoryServiceTest" time="0"/>
  <testcase name="findByName_should_Work" classname="backend.hobbiebackend.service.impl.CategoryServiceTest" time="0"/>
</testsuite>